[debug] [2022-08-11T02:56:11.500Z] ----------------------------------------------------------------------
[debug] [2022-08-11T02:56:11.502Z] Command:       /Users/daniel/.nvm/versions/node/v16.13.2/bin/node /Users/daniel/.nvm/versions/node/v16.13.2/bin/firebase init
[debug] [2022-08-11T02:56:11.502Z] CLI Version:   11.6.0
[debug] [2022-08-11T02:56:11.502Z] Platform:      darwin
[debug] [2022-08-11T02:56:11.502Z] Node Version:  v16.13.2
[debug] [2022-08-11T02:56:11.503Z] Time:          Wed Aug 10 2022 21:56:11 GMT-0500 (Colombia Standard Time)
[debug] [2022-08-11T02:56:11.503Z] ----------------------------------------------------------------------
[debug] 
[debug] [2022-08-11T02:56:11.508Z] > command requires scopes: ["email","openid","https://www.googleapis.com/auth/cloudplatformprojects.readonly","https://www.googleapis.com/auth/firebase","https://www.googleapis.com/auth/cloud-platform"]
[debug] [2022-08-11T02:56:11.508Z] > authorizing via signed-in user (josdedax7designer@gmail.com)
[info] 
     ######## #### ########  ######## ########     ###     ######  ########
     ##        ##  ##     ## ##       ##     ##  ##   ##  ##       ##
     ######    ##  ########  ######   ########  #########  ######  ######
     ##        ##  ##    ##  ##       ##     ## ##     ##       ## ##
     ##       #### ##     ## ######## ########  ##     ##  ######  ########

You're about to initialize a Firebase project in this directory:

  /Users/daniel/Apps/KlausTimeControlFront

[info] 
=== Project Setup
[info] 
[info] First, let's associate this project directory with a Firebase project.
[info] You can create multiple project aliases by running firebase use --add, 
[info] but for now we'll just set up a default project.
[info] 
[info] i  If you want to create a project in a Google Cloud organization or folder, please use "firebase projects:create" instead, and return to this command when you've created the project. 
[debug] [2022-08-11T02:56:57.135Z] >>> [apiv2][query] POST https://cloudresourcemanager.googleapis.com/v1/projects [none]
[debug] [2022-08-11T02:56:57.136Z] >>> [apiv2][body] POST https://cloudresourcemanager.googleapis.com/v1/projects {"projectId":"klauscontrol","name":"klauscontrol"}
[debug] [2022-08-11T02:56:57.661Z] <<< [apiv2][status] POST https://cloudresourcemanager.googleapis.com/v1/projects 200
[debug] [2022-08-11T02:56:57.662Z] <<< [apiv2][body] POST https://cloudresourcemanager.googleapis.com/v1/projects {"name":"operations/cp.8935171688240005404"}
[debug] [2022-08-11T02:56:57.662Z] >>> [apiv2][query] GET https://cloudresourcemanager.googleapis.com/v1/operations/cp.8935171688240005404 [none]
[debug] [2022-08-11T02:56:58.160Z] <<< [apiv2][status] GET https://cloudresourcemanager.googleapis.com/v1/operations/cp.8935171688240005404 200
[debug] [2022-08-11T02:56:58.160Z] <<< [apiv2][body] GET https://cloudresourcemanager.googleapis.com/v1/operations/cp.8935171688240005404 {"name":"operations/cp.8935171688240005404"}
[debug] [2022-08-11T02:56:58.662Z] [Project Creation Poller] Retrying task index 0
[debug] [2022-08-11T02:56:58.662Z] >>> [apiv2][query] GET https://cloudresourcemanager.googleapis.com/v1/operations/cp.8935171688240005404 [none]
[debug] [2022-08-11T02:56:59.151Z] <<< [apiv2][status] GET https://cloudresourcemanager.googleapis.com/v1/operations/cp.8935171688240005404 200
[debug] [2022-08-11T02:56:59.151Z] <<< [apiv2][body] GET https://cloudresourcemanager.googleapis.com/v1/operations/cp.8935171688240005404 {"name":"operations/cp.8935171688240005404"}
[debug] [2022-08-11T02:57:00.152Z] [Project Creation Poller] Retrying task index 0
[debug] [2022-08-11T02:57:00.153Z] >>> [apiv2][query] GET https://cloudresourcemanager.googleapis.com/v1/operations/cp.8935171688240005404 [none]
[debug] [2022-08-11T02:57:00.630Z] <<< [apiv2][status] GET https://cloudresourcemanager.googleapis.com/v1/operations/cp.8935171688240005404 200
[debug] [2022-08-11T02:57:00.630Z] <<< [apiv2][body] GET https://cloudresourcemanager.googleapis.com/v1/operations/cp.8935171688240005404 {"name":"operations/cp.8935171688240005404","metadata":{"@type":"type.googleapis.com/google.cloudresourcemanager.v1.ProjectCreationStatus","gettable":true}}
[debug] [2022-08-11T02:57:02.632Z] [Project Creation Poller] Retrying task index 0
[debug] [2022-08-11T02:57:02.632Z] >>> [apiv2][query] GET https://cloudresourcemanager.googleapis.com/v1/operations/cp.8935171688240005404 [none]
[debug] [2022-08-11T02:57:03.183Z] <<< [apiv2][status] GET https://cloudresourcemanager.googleapis.com/v1/operations/cp.8935171688240005404 200
[debug] [2022-08-11T02:57:03.183Z] <<< [apiv2][body] GET https://cloudresourcemanager.googleapis.com/v1/operations/cp.8935171688240005404 {"name":"operations/cp.8935171688240005404","metadata":{"@type":"type.googleapis.com/google.cloudresourcemanager.v1.ProjectCreationStatus","gettable":true,"ready":true},"done":true,"response":{"@type":"type.googleapis.com/google.cloudresourcemanager.v1.Project","projectNumber":"1076352641459","projectId":"klauscontrol","lifecycleState":"ACTIVE","name":"klauscontrol","createTime":"2022-08-11T02:56:57.745Z"}}
[debug] [2022-08-11T02:57:03.184Z] >>> [apiv2][query] POST https://firebase.googleapis.com/v1beta1/projects/klauscontrol:addFirebase [none]
[debug] [2022-08-11T02:57:03.937Z] <<< [apiv2][status] POST https://firebase.googleapis.com/v1beta1/projects/klauscontrol:addFirebase 403
[debug] [2022-08-11T02:57:03.937Z] <<< [apiv2][body] POST https://firebase.googleapis.com/v1beta1/projects/klauscontrol:addFirebase {"error":{"code":403,"message":"The caller does not have permission","status":"PERMISSION_DENIED"}}
[debug] [2022-08-11T02:57:03.937Z] HTTP Error: 403, The caller does not have permission
[debug] [2022-08-11T02:57:03.939Z] FirebaseError: HTTP Error: 403, The caller does not have permission
    at responseToError (/Users/daniel/.nvm/versions/node/v16.13.2/lib/node_modules/firebase-tools/lib/responseToError.js:49:12)
    at RetryOperation._fn (/Users/daniel/.nvm/versions/node/v16.13.2/lib/node_modules/firebase-tools/lib/apiv2.js:288:77)
    at processTicksAndRejections (node:internal/process/task_queues:96:5)
[error] 
[error] Error: Failed to add Firebase to Google Cloud Platform project. See firebase-debug.log for more info.
